Performing C SOURCE FILE Test CMAKE_HAVE_LIBC_PTHREAD failed with the following output:
Change Dir: /home/xxiao/gtsam/cmake-build-debug/CMakeFiles/CMakeTmp

Run Build Command(s):/usr/bin/make cmTC_f3c2f/fast && /usr/bin/make  -f CMakeFiles/cmTC_f3c2f.dir/build.make CMakeFiles/cmTC_f3c2f.dir/build
make[1]: Entering directory '/home/xxiao/gtsam/cmake-build-debug/CMakeFiles/CMakeTmp'
Building C object CMakeFiles/cmTC_f3c2f.dir/src.c.o
/usr/bin/cc   -DCMAKE_HAVE_LIBC_PTHREAD   -o CMakeFiles/cmTC_f3c2f.dir/src.c.o   -c /home/xxiao/gtsam/cmake-build-debug/CMakeFiles/CMakeTmp/src.c
Linking C executable cmTC_f3c2f
/home/xxiao/.local/share/JetBrains/Toolbox/apps/CLion/ch-0/202.6397.106/bin/cmake/linux/bin/cmake -E cmake_link_script CMakeFiles/cmTC_f3c2f.dir/link.txt --verbose=1
/usr/bin/cc  -DCMAKE_HAVE_LIBC_PTHREAD    -rdynamic CMakeFiles/cmTC_f3c2f.dir/src.c.o  -o cmTC_f3c2f 
CMakeFiles/cmTC_f3c2f.dir/src.c.o: In function `main':
src.c:(.text+0x3e): undefined reference to `pthread_create'
src.c:(.text+0x4a): undefined reference to `pthread_detach'
src.c:(.text+0x56): undefined reference to `pthread_cancel'
src.c:(.text+0x67): undefined reference to `pthread_join'
src.c:(.text+0x7b): undefined reference to `pthread_atfork'
collect2: error: ld returned 1 exit status
CMakeFiles/cmTC_f3c2f.dir/build.make:106: recipe for target 'cmTC_f3c2f' failed
make[1]: *** [cmTC_f3c2f] Error 1
make[1]: Leaving directory '/home/xxiao/gtsam/cmake-build-debug/CMakeFiles/CMakeTmp'
Makefile:141: recipe for target 'cmTC_f3c2f/fast' failed
make: *** [cmTC_f3c2f/fast] Error 2


Source file was:
#include <pthread.h>

void* test_func(void* data)
{
  return data;
}

int main(void)
{
  pthread_t thread;
  pthread_create(&thread, NULL, test_func, NULL);
  pthread_detach(thread);
  pthread_cancel(thread);
  pthread_join(thread, NULL);
  pthread_atfork(NULL, NULL, NULL);
  pthread_exit(NULL);

  return 0;
}

Determining if the function pthread_create exists in the pthreads failed with the following output:
Change Dir: /home/xxiao/gtsam/cmake-build-debug/CMakeFiles/CMakeTmp

Run Build Command(s):/usr/bin/make cmTC_ea5ad/fast && /usr/bin/make  -f CMakeFiles/cmTC_ea5ad.dir/build.make CMakeFiles/cmTC_ea5ad.dir/build
make[1]: Entering directory '/home/xxiao/gtsam/cmake-build-debug/CMakeFiles/CMakeTmp'
Building C object CMakeFiles/cmTC_ea5ad.dir/CheckFunctionExists.c.o
/usr/bin/cc   -DCHECK_FUNCTION_EXISTS=pthread_create   -o CMakeFiles/cmTC_ea5ad.dir/CheckFunctionExists.c.o   -c /home/xxiao/.local/share/JetBrains/Toolbox/apps/CLion/ch-0/202.6397.106/bin/cmake/linux/share/cmake-3.17/Modules/CheckFunctionExists.c
Linking C executable cmTC_ea5ad
/home/xxiao/.local/share/JetBrains/Toolbox/apps/CLion/ch-0/202.6397.106/bin/cmake/linux/bin/cmake -E cmake_link_script CMakeFiles/cmTC_ea5ad.dir/link.txt --verbose=1
/usr/bin/cc  -DCHECK_FUNCTION_EXISTS=pthread_create    -rdynamic CMakeFiles/cmTC_ea5ad.dir/CheckFunctionExists.c.o  -o cmTC_ea5ad  -lpthreads 
/usr/bin/ld: cannot find -lpthreads
collect2: error: ld returned 1 exit status
CMakeFiles/cmTC_ea5ad.dir/build.make:106: recipe for target 'cmTC_ea5ad' failed
make[1]: *** [cmTC_ea5ad] Error 1
make[1]: Leaving directory '/home/xxiao/gtsam/cmake-build-debug/CMakeFiles/CMakeTmp'
Makefile:141: recipe for target 'cmTC_ea5ad/fast' failed
make: *** [cmTC_ea5ad/fast] Error 2



